hfghhgf/launcher/build/intermediates/manifest_merge_blame_file/debug/manifest-merger-blame-debug-report.txt
1<?xml version="1.0" encoding="utf-8"?>
2<manifest xmlns:android="http://schemas.android.com/apk/res/android"
3    package="com.bicodo.diamondcastleepl"
4    android:installLocation="preferExternal"
5    android:versionCode="1"
6    android:versionName="1.0" >
7
8    <uses-sdk
9        android:minSdkVersion="22"
9-->src\main\AndroidManifest.xml
10        android:targetSdkVersion="29" />
10-->src\main\AndroidManifest.xml
11
12    <supports-screens
12-->src\main\AndroidManifest.xml:3:3-163
13        android:anyDensity="true"
13-->src\main\AndroidManifest.xml:3:135-160
14        android:largeScreens="true"
14-->src\main\AndroidManifest.xml:3:78-105
15        android:normalScreens="true"
15-->src\main\AndroidManifest.xml:3:49-77
16        android:smallScreens="true"
16-->src\main\AndroidManifest.xml:3:21-48
17        android:xlargeScreens="true" />
17-->src\main\AndroidManifest.xml:3:106-134
18
19    <uses-feature android:glEsVersion="0x00030000" />
19-->[:unityLibrary] AndroidManifest.xml:19:5-54
19-->[:unityLibrary] AndroidManifest.xml:19:19-51
20    <uses-feature
20-->[:unityLibrary] AndroidManifest.xml:20:5-22:36
21        android:name="android.hardware.vulkan.version"
21-->[:unityLibrary] AndroidManifest.xml:21:9-55
22        android:required="false" />
22-->[:unityLibrary] AndroidManifest.xml:22:9-33
23
24    <uses-permission android:name="android.permission.INTERNET" />
24-->[:unityLibrary] AndroidManifest.xml:24:5-67
24-->[:unityLibrary] AndroidManifest.xml:24:22-64
25    <uses-permission android:name="android.permission.ACCESS_NETWORK_STATE" />
25-->[:unityLibrary] AndroidManifest.xml:25:5-79
25-->[:unityLibrary] AndroidManifest.xml:25:22-76
26
27    <uses-feature
27-->[:unityLibrary] AndroidManifest.xml:27:5-29:36
28        android:name="android.hardware.touchscreen"
28-->[:unityLibrary] AndroidManifest.xml:28:9-52
29        android:required="false" />
29-->[:unityLibrary] AndroidManifest.xml:29:9-33
30    <uses-feature
30-->[:unityLibrary] AndroidManifest.xml:30:5-32:36
31        android:name="android.hardware.touchscreen.multitouch"
31-->[:unityLibrary] AndroidManifest.xml:31:9-63
32        android:required="false" />
32-->[:unityLibrary] AndroidManifest.xml:32:9-33
33    <uses-feature
33-->[:unityLibrary] AndroidManifest.xml:33:5-35:36
34        android:name="android.hardware.touchscreen.multitouch.distinct"
34-->[:unityLibrary] AndroidManifest.xml:34:9-72
35        android:required="false" />
35-->[:unityLibrary] AndroidManifest.xml:35:9-33
36
37    <uses-permission android:name="android.permission.WAKE_LOCK" />
37-->[:com.google.android.gms.play-services-measurement-impl-21.2.0:] AndroidManifest.xml:25:5-68
37-->[:com.google.android.gms.play-services-measurement-impl-21.2.0:] AndroidManifest.xml:25:22-65
38    <uses-permission android:name="com.google.android.finsky.permission.BIND_GET_INSTALL_REFERRER_SERVICE" />
38-->[:com.google.android.gms.play-services-measurement-impl-21.2.0:] AndroidManifest.xml:26:5-110
38-->[:com.google.android.gms.play-services-measurement-impl-21.2.0:] AndroidManifest.xml:26:22-107
39    <uses-permission android:name="com.google.android.gms.permission.AD_ID" />
39-->[:com.google.android.gms.play-services-measurement-impl-21.2.0:] AndroidManifest.xml:27:5-79
39-->[:com.google.android.gms.play-services-measurement-impl-21.2.0:] AndroidManifest.xml:27:22-76
40
41    <queries>
41-->[:com.facebook.android.facebook-common-15.2.0:] AndroidManifest.xml:11:3-13:13
42        <package android:name="com.facebook.katana" />
42-->[:com.facebook.android.facebook-common-15.2.0:] AndroidManifest.xml:12:5-51
42-->[:com.facebook.android.facebook-common-15.2.0:] AndroidManifest.xml:12:14-48
43    </queries> <!-- Required by older versions of Google Play services to create IID tokens -->
44    <uses-permission android:name="com.google.android.c2dm.permission.RECEIVE" />
44-->[:com.google.android.gms.play-services-cloud-messaging-17.0.1:] AndroidManifest.xml:11:5-82
44-->[:com.google.android.gms.play-services-cloud-messaging-17.0.1:] AndroidManifest.xml:11:22-79
45    <!--
46         Required so the device vibrates on receiving a push notification.
47         Vibration settings of the device still apply.
48    -->
49    <uses-permission android:name="android.permission.VIBRATE" />
49-->[:onesignal-unity:] AndroidManifest.xml:21:5-66
49-->[:onesignal-unity:] AndroidManifest.xml:21:22-63
50    <!--
51         Use to restore notifications the user hasn't interacted with.
52         They could be missed notifications if the user reboots their device if this isn't in place.
53    -->
54    <uses-permission android:name="android.permission.RECEIVE_BOOT_COMPLETED" /> <!-- START: ShortcutBadger -->
54-->[:onesignal-unity:] AndroidManifest.xml:28:5-81
54-->[:onesignal-unity:] AndroidManifest.xml:28:22-78
55    <!-- Samsung -->
56    <uses-permission android:name="com.sec.android.provider.badge.permission.READ" />
56-->[:onesignal-unity:] AndroidManifest.xml:32:5-86
56-->[:onesignal-unity:] AndroidManifest.xml:32:22-83
57    <uses-permission android:name="com.sec.android.provider.badge.permission.WRITE" /> <!-- HTC -->
57-->[:onesignal-unity:] AndroidManifest.xml:33:5-87
57-->[:onesignal-unity:] AndroidManifest.xml:33:22-84
58    <uses-permission android:name="com.htc.launcher.permission.READ_SETTINGS" />
58-->[:onesignal-unity:] AndroidManifest.xml:36:5-81
58-->[:onesignal-unity:] AndroidManifest.xml:36:22-78
59    <uses-permission android:name="com.htc.launcher.permission.UPDATE_SHORTCUT" /> <!-- Sony -->
59-->[:onesignal-unity:] AndroidManifest.xml:37:5-83
59-->[:onesignal-unity:] AndroidManifest.xml:37:22-80
60    <uses-permission android:name="com.sonyericsson.home.permission.BROADCAST_BADGE" />
60-->[:onesignal-unity:] AndroidManifest.xml:40:5-88
60-->[:onesignal-unity:] AndroidManifest.xml:40:22-85
61    <uses-permission android:name="com.sonymobile.home.permission.PROVIDER_INSERT_BADGE" /> <!-- Apex -->
61-->[:onesignal-unity:] AndroidManifest.xml:41:5-92
61-->[:onesignal-unity:] AndroidManifest.xml:41:22-89
62    <uses-permission android:name="com.anddoes.launcher.permission.UPDATE_COUNT" /> <!-- Solid -->
62-->[:onesignal-unity:] AndroidManifest.xml:44:5-84
62-->[:onesignal-unity:] AndroidManifest.xml:44:22-81
63    <uses-permission android:name="com.majeur.launcher.permission.UPDATE_BADGE" /> <!-- Huawei -->
63-->[:onesignal-unity:] AndroidManifest.xml:47:5-83
63-->[:onesignal-unity:] AndroidManifest.xml:47:22-80
64    <uses-permission android:name="com.huawei.android.launcher.permission.CHANGE_BADGE" />
64-->[:onesignal-unity:] AndroidManifest.xml:50:5-91
64-->[:onesignal-unity:] AndroidManifest.xml:50:22-88
65    <uses-permission android:name="com.huawei.android.launcher.permission.READ_SETTINGS" />
65-->[:onesignal-unity:] AndroidManifest.xml:51:5-92
65-->[:onesignal-unity:] AndroidManifest.xml:51:22-89
66    <uses-permission android:name="com.huawei.android.launcher.permission.WRITE_SETTINGS" /> <!-- ZUK -->
66-->[:onesignal-unity:] AndroidManifest.xml:52:5-93
66-->[:onesignal-unity:] AndroidManifest.xml:52:22-90
67    <uses-permission android:name="android.permission.READ_APP_BADGE" /> <!-- OPPO -->
67-->[:onesignal-unity:] AndroidManifest.xml:55:5-73
67-->[:onesignal-unity:] AndroidManifest.xml:55:22-70
68    <uses-permission android:name="com.oppo.launcher.permission.READ_SETTINGS" />
68-->[:onesignal-unity:] AndroidManifest.xml:58:5-82
68-->[:onesignal-unity:] AndroidManifest.xml:58:22-79
69    <uses-permission android:name="com.oppo.launcher.permission.WRITE_SETTINGS" /> <!-- EvMe -->
69-->[:onesignal-unity:] AndroidManifest.xml:59:5-83
69-->[:onesignal-unity:] AndroidManifest.xml:59:22-80
70    <uses-permission android:name="me.everything.badger.permission.BADGE_COUNT_READ" />
70-->[:onesignal-unity:] AndroidManifest.xml:62:5-88
70-->[:onesignal-unity:] AndroidManifest.xml:62:22-85
71    <uses-permission android:name="me.everything.badger.permission.BADGE_COUNT_WRITE" />
71-->[:onesignal-unity:] AndroidManifest.xml:63:5-89
71-->[:onesignal-unity:] AndroidManifest.xml:63:22-86
72    <uses-permission android:name="android.permission.POST_NOTIFICATIONS" />
72-->[:com.google.firebase.firebase-messaging-23.1.1:] AndroidManifest.xml:25:5-77
72-->[:com.google.firebase.firebase-messaging-23.1.1:] AndroidManifest.xml:25:22-74
73
74    <permission
74-->[:unityLibrary:OneSignalConfig.plugin] AndroidManifest.xml:15:5-17:47
75        android:name="com.bicodo.diamondcastleepl.permission.C2D_MESSAGE"
75-->[:unityLibrary:OneSignalConfig.plugin] AndroidManifest.xml:16:9-74
76        android:protectionLevel="signature" />
76-->[:unityLibrary:OneSignalConfig.plugin] AndroidManifest.xml:17:9-44
77
78    <uses-permission android:name="com.bicodo.diamondcastleepl.permission.C2D_MESSAGE" />
78-->[:unityLibrary:OneSignalConfig.plugin] AndroidManifest.xml:19:5-90
78-->[:unityLibrary:OneSignalConfig.plugin] AndroidManifest.xml:19:22-87
79
80    <application
80-->src\main\AndroidManifest.xml:4:3-83
81        android:appComponentFactory="androidx.core.app.CoreComponentFactory"
81-->[:androidx.core.core-1.3.2:] AndroidManifest.xml:24:18-86
82        android:debuggable="true"
82-->[:unityLibrary] AndroidManifest.xml:38:9-34
83        android:extractNativeLibs="true"
83-->[:unityLibrary] AndroidManifest.xml:39:9-41
84        android:fullBackupContent="@xml/appsflyer_backup_rules"
84-->[:com.appsflyer.af-android-sdk-6.3.0:] AndroidManifest.xml:16:18-73
85        android:icon="@mipmap/app_icon"
85-->src\main\AndroidManifest.xml:4:49-80
86        android:label="@string/app_name"
86-->src\main\AndroidManifest.xml:4:16-48
87        android:supportsRtl="true"
87-->[:com.facebook.android.facebook-applinks-15.2.0:] AndroidManifest.xml:16:18-44
88        android:theme="@android:style/Theme.NoTitleBar.Fullscreen" >
88-->[:unityLibrary] AndroidManifest.xml:42:9-67
89        <activity
89-->[:unityLibrary] AndroidManifest.xml:43:9-63:20
90            android:name="com.unity3d.player.UnityPlayerActivity"
90-->[:unityLibrary] AndroidManifest.xml:44:13-66
91            android:configChanges="mcc|mnc|locale|touchscreen|keyboard|keyboardHidden|navigation|orientation|screenLayout|uiMode|screenSize|smallestScreenSize|fontScale|layoutDirection|density"
91-->[:unityLibrary] AndroidManifest.xml:45:13-194
92            android:hardwareAccelerated="false"
92-->[:unityLibrary] AndroidManifest.xml:46:13-48
93            android:label="@string/app_name"
93-->[:unityLibrary] AndroidManifest.xml:47:13-45
94            android:launchMode="singleTask"
94-->[:unityLibrary] AndroidManifest.xml:48:13-44
95            android:resizeableActivity="false"
95-->[:unityLibrary] AndroidManifest.xml:49:13-47
96            android:screenOrientation="fullUser"
96-->[:unityLibrary] AndroidManifest.xml:50:13-49
97            android:theme="@style/UnityThemeSelector" >
97-->[:unityLibrary:AppsFlyer.plugin] AndroidManifest.xml:14:13-54
98            <intent-filter>
98-->[:unityLibrary] AndroidManifest.xml:51:13-55:29
99                <action android:name="android.intent.action.MAIN" />
99-->[:unityLibrary] AndroidManifest.xml:52:17-69
99-->[:unityLibrary] AndroidManifest.xml:52:25-66
100
101                <category android:name="android.intent.category.LAUNCHER" />
101-->[:unityLibrary] AndroidManifest.xml:54:17-77
101-->[:unityLibrary] AndroidManifest.xml:54:27-74
102            </intent-filter>
103
104            <meta-data
104-->[:unityLibrary] AndroidManifest.xml:57:13-59:40
105                android:name="unityplayer.UnityActivity"
105-->[:unityLibrary] AndroidManifest.xml:58:17-57
106                android:value="true" />
106-->[:unityLibrary] AndroidManifest.xml:59:17-37
107            <meta-data
107-->[:unityLibrary] AndroidManifest.xml:60:13-62:40
108                android:name="android.notch_support"
108-->[:unityLibrary] AndroidManifest.xml:61:17-53
109                android:value="true" />
109-->[:unityLibrary] AndroidManifest.xml:62:17-37
110
111            <intent-filter>
111-->[:unityLibrary:AppsFlyer.plugin] AndroidManifest.xml:20:13-28:29
112                <action android:name="android.intent.action.VIEW" />
112-->[:unityLibrary] AndroidManifest.xml:80:17-69
112-->[:unityLibrary] AndroidManifest.xml:80:25-66
113
114                <category android:name="android.intent.category.DEFAULT" />
114-->[:unityLibrary] AndroidManifest.xml:82:17-76
114-->[:unityLibrary] AndroidManifest.xml:82:27-73
115                <category android:name="android.intent.category.BROWSABLE" />
115-->[:com.facebook.android.facebook-common-15.2.0:] AndroidManifest.xml:21:9-70
115-->[:com.facebook.android.facebook-common-15.2.0:] AndroidManifest.xml:21:19-67
116
117                <data android:scheme="deep" />
117-->[:unityLibrary] AndroidManifest.xml:84:17-43
117-->[:unityLibrary] AndroidManifest.xml:84:23-40
118                <data android:host="linked" />
118-->[:unityLibrary] AndroidManifest.xml:84:17-43
119            </intent-filter>
120            <intent-filter>
120-->[:unityLibrary:AppsFlyer.plugin] AndroidManifest.xml:29:13-37:29
121                <action android:name="android.intent.action.VIEW" />
121-->[:unityLibrary] AndroidManifest.xml:80:17-69
121-->[:unityLibrary] AndroidManifest.xml:80:25-66
122
123                <category android:name="android.intent.category.DEFAULT" />
123-->[:unityLibrary] AndroidManifest.xml:82:17-76
123-->[:unityLibrary] AndroidManifest.xml:82:27-73
124                <category android:name="android.intent.category.BROWSABLE" />
124-->[:com.facebook.android.facebook-common-15.2.0:] AndroidManifest.xml:21:9-70
124-->[:com.facebook.android.facebook-common-15.2.0:] AndroidManifest.xml:21:19-67
125
126                <data android:scheme="paz" />
126-->[:unityLibrary] AndroidManifest.xml:84:17-43
126-->[:unityLibrary] AndroidManifest.xml:84:23-40
127                <data android:host="retargeting" />
127-->[:unityLibrary] AndroidManifest.xml:84:17-43
128            </intent-filter>
129            <intent-filter>
129-->[:unityLibrary:AppsFlyer.plugin] AndroidManifest.xml:38:13-46:29
130                <action android:name="android.intent.action.VIEW" />
130-->[:unityLibrary] AndroidManifest.xml:80:17-69
130-->[:unityLibrary] AndroidManifest.xml:80:25-66
131
132                <category android:name="android.intent.category.DEFAULT" />
132-->[:unityLibrary] AndroidManifest.xml:82:17-76
132-->[:unityLibrary] AndroidManifest.xml:82:27-73
133                <category android:name="android.intent.category.BROWSABLE" />
133-->[:com.facebook.android.facebook-common-15.2.0:] AndroidManifest.xml:21:9-70
133-->[:com.facebook.android.facebook-common-15.2.0:] AndroidManifest.xml:21:19-67
134
135                <data android:scheme="paz" />
135-->[:unityLibrary] AndroidManifest.xml:84:17-43
135-->[:unityLibrary] AndroidManifest.xml:84:23-40
136                <data android:host="deeplink" />
136-->[:unityLibrary] AndroidManifest.xml:84:17-43
137            </intent-filter>
138            <intent-filter>
138-->[:unityLibrary:AppsFlyer.plugin] AndroidManifest.xml:47:13-57:29
139                <action android:name="android.intent.action.VIEW" />
139-->[:unityLibrary] AndroidManifest.xml:80:17-69
139-->[:unityLibrary] AndroidManifest.xml:80:25-66
140
141                <category android:name="android.intent.category.DEFAULT" />
141-->[:unityLibrary] AndroidManifest.xml:82:17-76
141-->[:unityLibrary] AndroidManifest.xml:82:27-73
142                <category android:name="android.intent.category.BROWSABLE" />
142-->[:com.facebook.android.facebook-common-15.2.0:] AndroidManifest.xml:21:9-70
142-->[:com.facebook.android.facebook-common-15.2.0:] AndroidManifest.xml:21:19-67
143
144                <data
144-->[:unityLibrary] AndroidManifest.xml:84:17-43
145                    android:host="paz.onelink.me"
146                    android:pathPrefix="/waF3"
147                    android:scheme="https" />
147-->[:unityLibrary] AndroidManifest.xml:84:23-40
148            </intent-filter>
149        </activity>
150        <activity
150-->[:unityLibrary] AndroidManifest.xml:64:9-67:86
151            android:name="com.facebook.unity.FBUnityLoginActivity"
151-->[:unityLibrary] AndroidManifest.xml:65:13-67
152            android:configChanges="fontScale|keyboard|keyboardHidden|locale|mnc|mcc|navigation|orientation|screenLayout|screenSize|smallestScreenSize|uiMode|touchscreen"
152-->[:unityLibrary] AndroidManifest.xml:66:13-170
153            android:theme="@android:style/Theme.Translucent.NoTitleBar.Fullscreen" />
153-->[:unityLibrary] AndroidManifest.xml:67:13-83
154        <activity
154-->[:unityLibrary] AndroidManifest.xml:68:9-71:86
155            android:name="com.facebook.unity.FBUnityDialogsActivity"
155-->[:unityLibrary] AndroidManifest.xml:69:13-69
156            android:configChanges="fontScale|keyboard|keyboardHidden|locale|mnc|mcc|navigation|orientation|screenLayout|screenSize|smallestScreenSize|uiMode|touchscreen"
156-->[:unityLibrary] AndroidManifest.xml:70:13-170
157            android:theme="@android:style/Theme.Translucent.NoTitleBar.Fullscreen" />
157-->[:unityLibrary] AndroidManifest.xml:71:13-83
158        <activity
158-->[:unityLibrary] AndroidManifest.xml:72:9-75:86
159            android:name="com.facebook.unity.FBUnityGamingServicesFriendFinderActivity"
159-->[:unityLibrary] AndroidManifest.xml:73:13-88
160            android:configChanges="fontScale|keyboard|keyboardHidden|locale|mnc|mcc|navigation|orientation|screenLayout|screenSize|smallestScreenSize|uiMode|touchscreen"
160-->[:unityLibrary] AndroidManifest.xml:74:13-170
161            android:theme="@android:style/Theme.Translucent.NoTitleBar.Fullscreen" />
161-->[:unityLibrary] AndroidManifest.xml:75:13-83
162        <activity
162-->[:unityLibrary] AndroidManifest.xml:76:9-100:20
163            android:name="com.facebook.unity.FBUnityAppLinkActivity"
163-->[:unityLibrary] AndroidManifest.xml:77:13-69
164            android:exported="true" >
164-->[:unityLibrary] AndroidManifest.xml:78:13-36
165            <intent-filter>
165-->[:unityLibrary] AndroidManifest.xml:79:13-85:29
166                <action android:name="android.intent.action.VIEW" />
166-->[:unityLibrary] AndroidManifest.xml:80:17-69
166-->[:unityLibrary] AndroidManifest.xml:80:25-66
167
168                <category android:name="android.intent.category.DEFAULT" />
168-->[:unityLibrary] AndroidManifest.xml:82:17-76
168-->[:unityLibrary] AndroidManifest.xml:82:27-73
169
170                <data android:scheme="" />
170-->[:unityLibrary] AndroidManifest.xml:84:17-43
170-->[:unityLibrary] AndroidManifest.xml:84:23-40
171            </intent-filter>
172            <intent-filter>
172-->[:unityLibrary] AndroidManifest.xml:86:13-92:29
173                <action android:name="android.intent.action.VIEW" />
173-->[:unityLibrary] AndroidManifest.xml:80:17-69
173-->[:unityLibrary] AndroidManifest.xml:80:25-66
174
175                <category android:name="android.intent.category.DEFAULT" />
175-->[:unityLibrary] AndroidManifest.xml:82:17-76
175-->[:unityLibrary] AndroidManifest.xml:82:27-73
176
177                <data android:scheme="https://developers.facebook.com/tools/accesstoken/?app_id=273572613269571" />
177-->[:unityLibrary] AndroidManifest.xml:84:17-43
177-->[:unityLibrary] AndroidManifest.xml:84:23-40
178            </intent-filter>
179            <intent-filter>
179-->[:unityLibrary] AndroidManifest.xml:79:13-85:29
180                <action android:name="android.intent.action.VIEW" />
180-->[:unityLibrary] AndroidManifest.xml:80:17-69
180-->[:unityLibrary] AndroidManifest.xml:80:25-66
181
182                <category android:name="android.intent.category.DEFAULT" />
182-->[:unityLibrary] AndroidManifest.xml:82:17-76
182-->[:unityLibrary] AndroidManifest.xml:82:27-73
183
184                <data android:scheme="" />
184-->[:unityLibrary] AndroidManifest.xml:84:17-43
184-->[:unityLibrary] AndroidManifest.xml:84:23-40
185            </intent-filter>
186        </activity>
187        <activity
187-->[:unityLibrary] AndroidManifest.xml:101:9-103:39
188            android:name="com.facebook.unity.FBUnityDeepLinkingActivity"
188-->[:unityLibrary] AndroidManifest.xml:102:13-73
189            android:exported="true" />
189-->[:unityLibrary] AndroidManifest.xml:103:13-36
190        <activity android:name="com.facebook.unity.FBUnityGameRequestActivity" />
190-->[:unityLibrary] AndroidManifest.xml:104:9-82
190-->[:unityLibrary] AndroidManifest.xml:104:19-79
191
192        <meta-data
192-->[:unityLibrary] AndroidManifest.xml:106:9-108:49
193            android:name="com.facebook.sdk.ApplicationId"
193-->[:unityLibrary] AndroidManifest.xml:107:13-58
194            android:value="fb273572613269571" />
194-->[:unityLibrary] AndroidManifest.xml:108:13-46
195        <meta-data
195-->[:unityLibrary] AndroidManifest.xml:109:9-111:32
196            android:name="com.facebook.sdk.ClientToken"
196-->[:unityLibrary] AndroidManifest.xml:110:13-56
197            android:value="" />
197-->[:unityLibrary] AndroidManifest.xml:111:13-29
198        <meta-data
198-->[:unityLibrary] AndroidManifest.xml:112:9-114:36
199            android:name="com.facebook.sdk.AutoLogAppEventsEnabled"
199-->[:unityLibrary] AndroidManifest.xml:113:13-68
200            android:value="true" />
200-->[:unityLibrary] AndroidManifest.xml:114:13-33
201        <meta-data
201-->[:unityLibrary] AndroidManifest.xml:115:9-117:36
202            android:name="com.facebook.sdk.AdvertiserIDCollectionEnabled"
202-->[:unityLibrary] AndroidManifest.xml:116:13-74
203            android:value="true" />
203-->[:unityLibrary] AndroidManifest.xml:117:13-33
204
205        <provider
205-->[:unityLibrary] AndroidManifest.xml:119:9-122:39
206            android:name="com.facebook.FacebookContentProvider"
206-->[:unityLibrary] AndroidManifest.xml:120:13-64
207            android:authorities="com.facebook.app.FacebookContentProvider273572613269571"
207-->[:unityLibrary] AndroidManifest.xml:121:13-90
208            android:exported="true" />
208-->[:unityLibrary] AndroidManifest.xml:122:13-36
209
210        <meta-data
210-->[:unityLibrary] AndroidManifest.xml:124:9-126:33
211            android:name="unity.splash-mode"
211-->[:unityLibrary] AndroidManifest.xml:125:13-45
212            android:value="0" />
212-->[:unityLibrary] AndroidManifest.xml:126:13-30
213        <meta-data
213-->[:unityLibrary] AndroidManifest.xml:127:9-129:36
214            android:name="unity.splash-enable"
214-->[:unityLibrary] AndroidManifest.xml:128:13-47
215            android:value="True" />
215-->[:unityLibrary] AndroidManifest.xml:129:13-33
216        <meta-data
216-->[:unityLibrary] AndroidManifest.xml:130:9-132:36
217            android:name="unity.launch-fullscreen"
217-->[:unityLibrary] AndroidManifest.xml:131:13-51
218            android:value="True" />
218-->[:unityLibrary] AndroidManifest.xml:132:13-33
219        <meta-data
219-->[:unityLibrary] AndroidManifest.xml:133:9-135:37
220            android:name="unity.allow-resizable-window"
220-->[:unityLibrary] AndroidManifest.xml:134:13-56
221            android:value="False" />
221-->[:unityLibrary] AndroidManifest.xml:135:13-34
222        <meta-data
222-->[:unityLibrary] AndroidManifest.xml:136:9-138:50
223            android:name="notch.config"
223-->[:unityLibrary] AndroidManifest.xml:137:13-40
224            android:value="portrait|landscape" />
224-->[:unityLibrary] AndroidManifest.xml:138:13-47
225
226        <activity
226-->[:com.facebook.android.facebook-common-15.2.0:] AndroidManifest.xml:15:5-197
227            android:name="com.facebook.FacebookActivity"
227-->[:com.facebook.android.facebook-common-15.2.0:] AndroidManifest.xml:15:15-59
228            android:configChanges="keyboard|keyboardHidden|screenLayout|screenSize|orientation"
228-->[:com.facebook.android.facebook-common-15.2.0:] AndroidManifest.xml:15:60-143
229            android:theme="@style/com_facebook_activity_theme" />
229-->[:com.facebook.android.facebook-common-15.2.0:] AndroidManifest.xml:15:144-194
230        <activity android:name="com.facebook.CustomTabMainActivity" />
230-->[:com.facebook.android.facebook-common-15.2.0:] AndroidManifest.xml:16:5-67
230-->[:com.facebook.android.facebook-common-15.2.0:] AndroidManifest.xml:16:15-64
231        <activity
231-->[:com.facebook.android.facebook-common-15.2.0:] AndroidManifest.xml:17:5-24:16
232            android:name="com.facebook.CustomTabActivity"
232-->[:com.facebook.android.facebook-common-15.2.0:] AndroidManifest.xml:17:15-60
233            android:exported="true" >
233-->[:com.facebook.android.facebook-common-15.2.0:] AndroidManifest.xml:17:61-84
234            <intent-filter>
234-->[:com.facebook.android.facebook-common-15.2.0:] AndroidManifest.xml:18:7-23:23
235                <action android:name="android.intent.action.VIEW" />
235-->[:unityLibrary] AndroidManifest.xml:80:17-69
235-->[:unityLibrary] AndroidManifest.xml:80:25-66
236
237                <category android:name="android.intent.category.DEFAULT" />
237-->[:unityLibrary] AndroidManifest.xml:82:17-76
237-->[:unityLibrary] AndroidManifest.xml:82:27-73
238                <category android:name="android.intent.category.BROWSABLE" />
238-->[:com.facebook.android.facebook-common-15.2.0:] AndroidManifest.xml:21:9-70
238-->[:com.facebook.android.facebook-common-15.2.0:] AndroidManifest.xml:21:19-67
239
240                <data
240-->[:unityLibrary] AndroidManifest.xml:84:17-43
241                    android:host="cct.com.bicodo.diamondcastleepl"
242                    android:scheme="fbconnect" />
242-->[:unityLibrary] AndroidManifest.xml:84:23-40
243            </intent-filter>
244        </activity>
245
246        <service
246-->[:com.google.firebase.firebase-installations-17.1.0:] AndroidManifest.xml:14:9-20:19
247            android:name="com.google.firebase.components.ComponentDiscoveryService"
247-->[:com.google.firebase.firebase-installations-17.1.0:] AndroidManifest.xml:15:13-84
248            android:directBootAware="true"
248-->[:com.google.firebase.firebase-common-20.3.0:] AndroidManifest.xml:21:86-116
249            android:exported="false" >
249-->[:com.google.firebase.firebase-installations-17.1.0:] AndroidManifest.xml:16:13-37
250            <meta-data
250-->[:com.google.firebase.firebase-installations-17.1.0:] AndroidManifest.xml:17:13-19:85
251                android:name="com.google.firebase.components:com.google.firebase.installations.FirebaseInstallationsRegistrar"
251-->[:com.google.firebase.firebase-installations-17.1.0:] AndroidManifest.xml:18:17-127
252                android:value="com.google.firebase.components.ComponentRegistrar" />
252-->[:com.google.firebase.firebase-installations-17.1.0:] AndroidManifest.xml:19:17-82
253            <meta-data
253-->[:com.google.android.gms.play-services-measurement-api-21.2.0:] AndroidManifest.xml:31:13-33:85
254                android:name="com.google.firebase.components:com.google.firebase.analytics.connector.internal.AnalyticsConnectorRegistrar"
254-->[:com.google.android.gms.play-services-measurement-api-21.2.0:] AndroidManifest.xml:32:17-139
255                android:value="com.google.firebase.components.ComponentRegistrar" />
255-->[:com.google.android.gms.play-services-measurement-api-21.2.0:] AndroidManifest.xml:33:17-82
256            <meta-data
256-->[:com.google.firebase.firebase-datatransport-18.1.7:] AndroidManifest.xml:27:13-29:85
257                android:name="com.google.firebase.components:com.google.firebase.datatransport.TransportRegistrar"
257-->[:com.google.firebase.firebase-datatransport-18.1.7:] AndroidManifest.xml:28:17-115
258                android:value="com.google.firebase.components.ComponentRegistrar" />
258-->[:com.google.firebase.firebase-datatransport-18.1.7:] AndroidManifest.xml:29:17-82
259            <meta-data
259-->[:com.google.firebase.firebase-messaging-23.1.1:] AndroidManifest.xml:55:13-57:85
260                android:name="com.google.firebase.components:com.google.firebase.messaging.FirebaseMessagingRegistrar"
260-->[:com.google.firebase.firebase-messaging-23.1.1:] AndroidManifest.xml:56:17-119
261                android:value="com.google.firebase.components.ComponentRegistrar" />
261-->[:com.google.firebase.firebase-messaging-23.1.1:] AndroidManifest.xml:57:17-82
262            <meta-data
262-->[:com.google.firebase.firebase-auth-21.1.0:] AndroidManifest.xml:67:13-69:85
263                android:name="com.google.firebase.components:com.google.firebase.auth.FirebaseAuthRegistrar"
263-->[:com.google.firebase.firebase-auth-21.1.0:] AndroidManifest.xml:68:17-109
264                android:value="com.google.firebase.components.ComponentRegistrar" />
264-->[:com.google.firebase.firebase-auth-21.1.0:] AndroidManifest.xml:69:17-82
265        </service>
266
267        <meta-data
267-->[:com.google.android.gms.play-services-basement-18.1.0:] AndroidManifest.xml:21:9-23:69
268            android:name="com.google.android.gms.version"
268-->[:com.google.android.gms.play-services-basement-18.1.0:] AndroidManifest.xml:22:13-58
269            android:value="@integer/google_play_services_version" />
269-->[:com.google.android.gms.play-services-basement-18.1.0:] AndroidManifest.xml:23:13-66
270
271        <activity
271-->[:com.google.android.gms.play-services-base-18.1.0:] AndroidManifest.xml:20:9-22:45
272            android:name="com.google.android.gms.common.api.GoogleApiActivity"
272-->[:com.google.android.gms.play-services-base-18.1.0:] AndroidManifest.xml:20:19-85
273            android:exported="false"
273-->[:com.google.android.gms.play-services-base-18.1.0:] AndroidManifest.xml:22:19-43
274            android:theme="@android:style/Theme.Translucent.NoTitleBar" />
274-->[:com.google.android.gms.play-services-base-18.1.0:] AndroidManifest.xml:21:19-78
275
276        <provider
276-->[:com.google.firebase.firebase-common-20.3.0:] AndroidManifest.xml:20:5-233
277            android:name="com.google.firebase.provider.FirebaseInitProvider"